<?xml version="1.0" encoding="UTF-8"?>
<testng-results ignored="0" total="1" passed="0" failed="1" skipped="0">
  <reporter-output>
    <line>
      <![CDATA[running verifyID]]>
    </line>
    <line>
      <![CDATA[logout application]]>
    </line>
    <line>
      <![CDATA[Close browser]]>
    </line>
  </reporter-output>
  <suite started-at="2022-09-07T11:20:47 IST" name="Default suite" finished-at="2022-09-07T11:21:29 IST" duration-ms="41507">
    <groups>
    </groups>
    <test started-at="2022-09-07T11:20:47 IST" name="Default test" finished-at="2022-09-07T11:21:29 IST" duration-ms="41507">
      <class name="Test_Class.Test">
        <test-method is-config="true" signature="OpenBrowser()[pri:0, instance:Test_Class.Test@53ce1329]" started-at="2022-09-07T11:20:47 IST" name="OpenBrowser" finished-at="2022-09-07T11:21:15 IST" duration-ms="27688" status="PASS">
          <reporter-output>
          </reporter-output>
        </test-method> <!-- OpenBrowser -->
        <test-method is-config="true" signature="loginToApp()[pri:0, instance:Test_Class.Test@53ce1329]" started-at="2022-09-07T11:21:15 IST" name="loginToApp" finished-at="2022-09-07T11:21:21 IST" duration-ms="5627" status="PASS">
          <reporter-output>
          </reporter-output>
        </test-method> <!-- loginToApp -->
        <test-method signature="verifyUID()[pri:0, instance:Test_Class.Test@53ce1329]" started-at="2022-09-07T11:21:21 IST" name="verifyUID" finished-at="2022-09-07T11:21:29 IST" duration-ms="8002" status="FAIL">
          <exception class="java.lang.AssertionError">
            <message>
              <![CDATA[both are diffrent tc id fail expected [admin] but found [Me]]]>
            </message>
            <full-stacktrace>
              <![CDATA[java.lang.AssertionError: both are diffrent tc id fail expected [admin] but found [Me]
at org.testng.Assert.fail(Assert.java:99)
at org.testng.Assert.failNotEquals(Assert.java:1037)
at org.testng.Assert.assertEqualsImpl(Assert.java:140)
at org.testng.Assert.assertEquals(Assert.java:122)
at org.testng.Assert.assertEquals(Assert.java:629)
at Test_Class.Test.verifyUID(Test.java:52)
at java.base/jdk.internal.reflect.DirectMethodHandleAccessor.invoke(DirectMethodHandleAccessor.java:104)
at java.base/java.lang.reflect.Method.invoke(Method.java:577)
at org.testng.internal.MethodInvocationHelper.invokeMethod(MethodInvocationHelper.java:133)
at org.testng.internal.TestInvoker.invokeMethod(TestInvoker.java:598)
at org.testng.internal.TestInvoker.invokeTestMethod(TestInvoker.java:173)
at org.testng.internal.MethodRunner.runInSequence(MethodRunner.java:46)
at org.testng.internal.TestInvoker$MethodInvocationAgent.invoke(TestInvoker.java:824)
at org.testng.internal.TestInvoker.invokeTestMethods(TestInvoker.java:146)
at org.testng.internal.TestMethodWorker.invokeTestMethods(TestMethodWorker.java:146)
at org.testng.internal.TestMethodWorker.run(TestMethodWorker.java:128)
at java.base/java.util.ArrayList.forEach(ArrayList.java:1511)
at org.testng.TestRunner.privateRun(TestRunner.java:794)
at org.testng.TestRunner.run(TestRunner.java:596)
at org.testng.SuiteRunner.runTest(SuiteRunner.java:377)
at org.testng.SuiteRunner.runSequentially(SuiteRunner.java:371)
at org.testng.SuiteRunner.privateRun(SuiteRunner.java:332)
at org.testng.SuiteRunner.run(SuiteRunner.java:276)
at org.testng.SuiteRunnerWorker.runSuite(SuiteRunnerWorker.java:53)
at org.testng.SuiteRunnerWorker.run(SuiteRunnerWorker.java:96)
at org.testng.TestNG.runSuitesSequentially(TestNG.java:1212)
at org.testng.TestNG.runSuitesLocally(TestNG.java:1134)
at org.testng.TestNG.runSuites(TestNG.java:1063)
at org.testng.TestNG.run(TestNG.java:1031)
at org.testng.remote.AbstractRemoteTestNG.run(AbstractRemoteTestNG.java:115)
at org.testng.remote.RemoteTestNG.initAndRun(RemoteTestNG.java:251)
at org.testng.remote.RemoteTestNG.main(RemoteTestNG.java:77)
]]>
            </full-stacktrace>
          </exception> <!-- java.lang.AssertionError -->
          <reporter-output>
            <line>
              <![CDATA[running verifyID]]>
            </line>
          </reporter-output>
        </test-method> <!-- verifyUID -->
        <test-method is-config="true" signature="logoutApp()[pri:0, instance:Test_Class.Test@53ce1329]" started-at="2022-09-07T11:21:29 IST" name="logoutApp" finished-at="2022-09-07T11:21:29 IST" duration-ms="0" status="PASS">
          <reporter-output>
            <line>
              <![CDATA[logout application]]>
            </line>
          </reporter-output>
        </test-method> <!-- logoutApp -->
        <test-method is-config="true" signature="closeBrowser()[pri:0, instance:Test_Class.Test@53ce1329]" started-at="2022-09-07T11:21:29 IST" name="closeBrowser" finished-at="2022-09-07T11:21:29 IST" duration-ms="1" status="PASS">
          <reporter-output>
            <line>
              <![CDATA[Close browser]]>
            </line>
          </reporter-output>
        </test-method> <!-- closeBrowser -->
      </class> <!-- Test_Class.Test -->
    </test> <!-- Default test -->
  </suite> <!-- Default suite -->
</testng-results>
